[2023-03-06T18:57:22.290643+00:00] blog.INFO: Create user command started [] []
[2023-03-08T18:47:30.609224+00:00] blog.NOTICE: Route not found: GET /likePosts1/show [] []
[2023-03-08T18:49:41.980415+00:00] blog.INFO: Saved user with uuid: f56eb654-0559-4157-8887-978f639b9c50 [] []
[2023-03-08T18:50:28.623117+00:00] blog.INFO: Saved post with uuid: dab753c8-0578-4c66-83f6-a685e9a0b374 [] []
[2023-03-08T18:51:49.376039+00:00] blog.INFO: Saved comment with uuid: 7cbaaebf-ccd3-4027-ac28-754f503a2384 [] []
[2023-03-08T18:53:54.421146+00:00] blog.INFO: Saved likePost with uuid: 61c619da-41c1-48d3-b633-42fd72e9976c [] []
[2023-03-08T18:55:03.703790+00:00] blog.INFO: Saved likeComment with uuid: 57631168-6c88-4be0-94c5-43cc634cc41b [] []
[2023-03-09T17:02:57.882316+00:00] blog.INFO: Create user command started [] []
[2023-03-09T17:05:42.534090+00:00] blog.INFO: Create user command started [] []
[2023-03-09T17:06:50.127674+00:00] blog.INFO: User created: 0ec397d6-230a-4283-b002-a89e6f692ae9 [] []
[2023-03-09T18:20:39.354650+00:00] blog.INFO: Create user command started [] []
[2023-03-09T18:20:42.321073+00:00] blog.INFO: User created: 850f00af-68f9-4f68-ad01-37a9149ffe04 [] []
[2023-03-09T19:28:21.412253+00:00] blog.INFO: Saved post with uuid: 9ce64016-be9d-4ff5-b557-21740d8af98c [] []
[2023-03-09T19:41:33.821546+00:00] blog.INFO: Create user command started [] []
[2023-03-09T19:42:12.725787+00:00] blog.INFO: Create user command started [] []
[2023-03-09T19:42:29.401225+00:00] blog.INFO: User created: cb84bf87-7ddd-4e0e-b9f0-7cd9ffc7b99c [] []
[2023-03-09T19:44:07.465237+00:00] blog.INFO: Saved post with uuid: 6f794f3a-2254-4f71-9bcd-dd5be4b4746e [] []
[2023-03-10T14:43:13.716930+00:00] blog.INFO: Create user command started [] []
[2023-03-10T14:46:34.232142+00:00] blog.INFO: Create user command started [] []
[2023-03-10T14:46:58.996572+00:00] blog.INFO: User created: e0115d9d-ea8b-40de-8f98-951e27ddbf36 [] []
[2023-03-10T14:49:21.832657+00:00] blog.INFO: Create user command started [] []
[2023-03-10T14:49:38.012314+00:00] blog.INFO: User created: 42f41507-e1b7-4e34-a94b-772f15b44d03 [] []
[2023-03-10T14:56:32.532478+00:00] blog.INFO: Create user command started [] []
[2023-03-10T14:56:32.826452+00:00] blog.INFO: User created: ce171689-696c-46d4-aae1-4ce55b9048fc [] []
[2023-03-10T14:57:11.217834+00:00] blog.INFO: Create user command started [] []
[2023-03-10T14:57:11.359436+00:00] blog.INFO: User created: 05ac3cb4-f664-47c7-b9ac-7bb53401b28e [] []
[2023-03-10T14:57:54.026312+00:00] blog.INFO: Create user command started [] []
[2023-03-10T14:57:54.348523+00:00] blog.INFO: User created: 906149ce-e451-455b-b703-360f1ba9f0df [] []
[2023-03-10T14:58:32.472091+00:00] blog.INFO: Create user command started [] []
[2023-03-10T14:58:32.612821+00:00] blog.INFO: User created: d7f7ff4f-be3c-4e5d-8b41-97ac634cb4ff [] []
[2023-03-10T14:59:44.630537+00:00] blog.INFO: Saved post with uuid: fa1f1aae-650a-4cb1-b120-bc1007c1811c [] []
[2023-03-10T14:59:57.042736+00:00] blog.INFO: Saved post with uuid: 969b051b-6fd9-41d5-b1bb-0f0713dabde9 [] []
[2023-03-10T16:14:02.792348+00:00] blog.NOTICE: Route not found: GET / [] []
[2023-03-10T17:08:21.453297+00:00] blog.NOTICE: Route not found: GET / [] []
[2023-03-10T17:11:32.609331+00:00] blog.INFO: Saved post with uuid: 7ff2c6c2-ce3c-423c-9a6a-6f27b9380697 [] []
[2023-03-10T18:52:08.792425+00:00] blog.INFO: Saved post with uuid: b562cb9d-52b7-4e3b-9d6a-98973897adf0 [] []
[2023-03-11T09:33:51.437509+00:00] blog.INFO: Saved likePost with uuid: 7c222909-f3b7-473f-930b-d9a868fa87e6 [] []
[2023-03-11T09:55:20.117632+00:00] blog.INFO: Saved user with uuid: 32cc6b47-c79a-48e2-b5bc-08b8d4a4dbb9 [] []
[2023-03-11T09:57:22.102344+00:00] blog.INFO: Create user command started [] []
[2023-03-11T09:57:24.760434+00:00] blog.INFO: User created: df955294-dccc-414b-86bb-470e9b4d9893 [] []
[2023-03-11T09:56:42.562315+00:00] blog.INFO: Create user command started [] []
[2023-03-11T10:09:50.812091+00:00] blog.INFO: Saved user with uuid: 4242488d-eb44-48f1-ba13-989f417986cb [] []
[2023-03-11T10:15:32.246354+00:00] blog.INFO: Saved post with uuid: 42641a48-a2d8-4456-b9aa-3a39e81cf2bf [] []
[2023-03-11T10:17:14.703093+00:00] blog.INFO: Saved likePost with uuid: 98f5c8fe-878e-44bc-ae5a-35247bb4a718 [] []
[2023-03-11T10:18:22.246198+00:00] blog.INFO: Saved user with uuid: 8f2bd679-14f5-4b10-bb1c-c7e1b8bedadc [] []
[2023-03-11T10:20:41.313609+00:00] blog.INFO: Saved likePost with uuid: f14d1f03-b8eb-4f2d-89ba-dd075f6e17d0 [] []
[2023-03-11T10:25:17.482353+00:00] blog.INFO: Saved user with uuid: 8de9f22b-5943-431e-8395-58dbd1c82841 [] []
[2023-03-11T15:27:32.529523+00:00] blog.INFO: Saved comment with uuid: b4496050-9673-499e-aec8-a6eb8a20d5a9 [] []
[2023-03-11T15:27:51.462891+00:00] blog.INFO: Saved comment with uuid: 49900aa1-9fb1-49cb-a99e-704f61c51cd1 [] []
[2023-03-11T19:52:29.502468+00:00] blog.NOTICE: Route not found: GET /http.php [] []
[2023-03-11T19:52:54.309721+00:00] blog.NOTICE: Route not found: GET /http.php/users/show [] []
[2023-03-11T20:26:31.414765+00:00] blog.NOTICE: Route not found: GET /http.php [] []
[2023-03-11T20:26:45.741409+00:00] blog.NOTICE: Route not found: GET /http.php/users/show [] []
[2023-03-11T20:41:32.447811+00:00] blog.NOTICE: Route not found: GET /http.php [] []
[2023-03-11T20:41:45.027134+00:00] blog.NOTICE: Route not found: GET /http.php [] []
[2023-03-11T20:42:02.509468+00:00] blog.NOTICE: Route not found: GET /users/show [] []
[2023-03-12T13:39:17.373455+00:00] blog.NOTICE: Route not found: GET /http.php [] []
[2023-03-12T14:32:04.902176+00:00] blog.NOTICE: Route not found: GET / [] []
[2023-03-12T14:48:30.527409+00:00] blog.NOTICE: Route not found: GET /bootstrap.php [] []
[2023-03-12T15:17:04.312416+00:00] blog.INFO: Create user command started [] []
[2023-03-12T15:17:09.091434+00:00] blog.INFO: User created: 0d1b4a76-1431-4c47-a0b6-45c54bd13911 [] []
[2023-03-12T15:18:00.277341+00:00] blog.INFO: Saved user with uuid: 891cc106-6687-4e17-ade9-854bd85861b7 [] []
[2023-03-12T15:19:21.829789+00:00] blog.INFO: Saved post with uuid: 65a02358-2ed0-4264-bc93-63977455dea4 [] []
[2023-03-12T13:11:34.037922+00:00] blog.INFO: Saved likeComment with uuid: 36befee2-0588-433a-bf89-487b199648ba [] []
[2023-03-12T13:16:54.148041+00:00] blog.NOTICE: Route not found: GET /logout [] []
